2026-06-15 13:06:25,350 - selenium.webdriver.common.selenium_manager -_process_logs - WARNING - The chromedriver version (148.0.7778.178) detected in PATH at C:\Users\Lenovo\AppData\Local\Programs\Python\Python310\Scripts\chromedriver.exe might not be compatible with the detected chrome version (149.0.7827.103); currently, chromedriver 149.0.7827.115 is recommended for chrome 149.*, so it is advised to delete the driver in PATH and retry
2026-06-15 13:08:56,038 - selenium.webdriver.common.selenium_manager -_process_logs - WARNING - The chromedriver version (148.0.7778.178) detected in PATH at C:\Users\Lenovo\AppData\Local\Programs\Python\Python310\Scripts\chromedriver.exe might not be compatible with the detected chrome version (149.0.7827.103); currently, chromedriver 149.0.7827.115 is recommended for chrome 149.*, so it is advised to delete the driver in PATH and retry
2026-06-15 13:09:13,022 - root -test_orangeHRM_Login_DDT_003 - ERROR - Test Failed for Username=Admin
2026-06-15 13:12:26,218 - selenium.webdriver.common.selenium_manager -_process_logs - WARNING - The chromedriver version (148.0.7778.178) detected in PATH at C:\Users\Lenovo\AppData\Local\Programs\Python\Python310\Scripts\chromedriver.exe might not be compatible with the detected chrome version (149.0.7827.103); currently, chromedriver 149.0.7827.115 is recommended for chrome 149.*, so it is advised to delete the driver in PATH and retry
2026-06-15 13:12:34,223 - root -test_orangeHRM_Login_DDT_003 - ERROR - Test Failed for Username=Admin
2026-06-15 13:15:24,299 - selenium.webdriver.common.selenium_manager -_process_logs - WARNING - The chromedriver version (148.0.7778.178) detected in PATH at C:\Users\Lenovo\AppData\Local\Programs\Python\Python310\Scripts\chromedriver.exe might not be compatible with the detected chrome version (149.0.7827.103); currently, chromedriver 149.0.7827.115 is recommended for chrome 149.*, so it is advised to delete the driver in PATH and retry
2026-06-15 13:15:35,046 - root -test_orangeHRM_Login_DDT_003 - ERROR - Test Failed for Username=Admin
2026-06-15 13:21:42,342 - selenium.webdriver.common.selenium_manager -_process_logs - WARNING - The chromedriver version (148.0.7778.178) detected in PATH at C:\Users\Lenovo\AppData\Local\Programs\Python\Python310\Scripts\chromedriver.exe might not be compatible with the detected chrome version (149.0.7827.103); currently, chromedriver 149.0.7827.115 is recommended for chrome 149.*, so it is advised to delete the driver in PATH and retry
2026-06-15 13:21:50,968 - root -test_orangeHRM_Login_DDT_003 - ERROR - Test Failed for Username=Admin
2026-06-15 13:26:28,599 - selenium.webdriver.common.selenium_manager -_process_logs - WARNING - The chromedriver version (148.0.7778.178) detected in PATH at C:\Users\Lenovo\AppData\Local\Programs\Python\Python310\Scripts\chromedriver.exe might not be compatible with the detected chrome version (149.0.7827.103); currently, chromedriver 149.0.7827.115 is recommended for chrome 149.*, so it is advised to delete the driver in PATH and retry
2026-06-15 13:26:52,570 - root -test_orangeHRM_Login_DDT_003 - ERROR - Test Failed for Username=Admin
2026-06-15 14:17:52,872 - root -test_orangeHRM_Login_DDT_003 - ERROR - Test Failed for Username=Admin
2026-06-15 14:19:51,449 - Test_OrangeHRM_Login_DDT_002 -test_orangeHRM_Login_DDT_003 - ERROR - Test Failed for Username=Admin
2026-06-15 14:22:26,642 - Test_OrangeHRM_Login_DDT_002 -test_orangeHRM_Login_DDT_003 - ERROR - Test Failed for Username=Admin
2026-06-15 14:27:17,946 - Test_OrangeHRM_Login_DDT_002 -test_orangeHRM_Login_DDT_003 - ERROR - Test Failed for Username=Admin
2026-06-15 14:28:38,146 - Test_OrangeHRM_Login_DDT_002 -test_orangeHRM_Login_DDT_003 - ERROR - Test Failed for Username=Admin
2026-06-15 14:31:43,125 - Test_OrangeHRM_Login_DDT_002 -test_orangeHRM_Login_DDT_003 - ERROR - Test Failed for Username=Admin
2026-06-15 14:36:45,602 - Test_OrangeHRM_Login_DDT_002 -test_orangeHRM_Login_DDT_003 - ERROR - Test Failed for Username=Admin
2026-06-15 14:39:18,498 - Test_OrangeHRM_Login_DDT_002 -test_orangeHRM_Login_DDT_003 - ERROR - Test Failed for Username=Admin
2026-06-15 14:44:29,753 - Test_OrangeHRM_Login_DDT_002 -test_orangeHRM_Login_DDT_003 - ERROR - Test Failed for Username=Admin
2026-06-15 14:48:39,666 - Test_OrangeHRM_Login_DDT_002 -test_orangeHRM_Login_DDT_003 - ERROR - Test Failed for Username=Admin
2026-06-15 15:09:28,644 - Test_OrangeHRM_Login_DDT_002 -test_orangeHRM_Login_DDT_003 - ERROR - Test Failed for Username=Admin
2026-06-15 15:25:24,763 - Test_OrangeHRM_Login_DDT_002 -test_orangeHRM_Login_DDT_003 - ERROR - Test Failed for Username=Admin
2026-06-15 15:28:41,470 - Test_OrangeHRM_Login_DDT_002 -test_orangeHRM_Login_DDT_003 - ERROR - Test Failed for Username=Admin
2026-06-15 20:29:27,022 - Test_OrangeHRM_Login_DDT_002 -test_orangeHRM_Login_DDT_003 - ERROR - Test Failed for Username=Admin
2026-06-15 20:37:07,019 - Test_OrangeHRM_Login_DDT_002 -test_OrangeHRM_Login_DDT_003 - ERROR - Test Failed for Username=Admin
2026-06-15 23:36:16,238 - Test_OrangeHRM_Login_DDT_002 -test_OrangeHRM_Login_DDT_003 - ERROR - Test Failed for Username=Admin
2026-06-15 23:38:18,094 - Test_OrangeHRM_Login_DDT_002 -test_OrangeHRM_Login_DDT_003 - ERROR - Test Failed for Username=Admin
2026-06-16 13:25:37,930 - Test_OrangeHRM_Login_DDT_002 -test_OrangeHRM_Login_DDT_003 - ERROR - Login Failed for Username=Admin1
2026-06-16 13:25:38,103 - Test_OrangeHRM_Login_DDT_002 -test_OrangeHRM_Login_DDT_003 - ERROR - Test Failed for Username=Admin1
2026-06-16 13:25:54,819 - Test_OrangeHRM_Login_DDT_002 -test_OrangeHRM_Login_DDT_003 - ERROR - Login Failed for Username=Admin
2026-06-16 13:25:54,999 - Test_OrangeHRM_Login_DDT_002 -test_OrangeHRM_Login_DDT_003 - ERROR - Test Failed for Username=Admin
2026-06-16 13:26:11,514 - Test_OrangeHRM_Login_DDT_002 -test_OrangeHRM_Login_DDT_003 - ERROR - Login Failed for Username=Admin11
2026-06-16 13:26:11,634 - Test_OrangeHRM_Login_DDT_002 -test_OrangeHRM_Login_DDT_003 - ERROR - Test Failed for Username=Admin11
2026-06-16 15:05:47,709 - Test_OrangeHRM_Login_DDT_002 -test_OrangeHRM_Login_DDT_003 - ERROR - Login Failed for Username=Admin1
2026-06-16 15:05:47,962 - Test_OrangeHRM_Login_DDT_002 -test_OrangeHRM_Login_DDT_003 - ERROR - Test Failed for Username=Admin1
2026-06-16 15:06:08,129 - Test_OrangeHRM_Login_DDT_002 -test_OrangeHRM_Login_DDT_003 - ERROR - Login Failed for Username=Admin
2026-06-16 15:06:08,394 - Test_OrangeHRM_Login_DDT_002 -test_OrangeHRM_Login_DDT_003 - ERROR - Test Failed for Username=Admin
2026-06-16 15:06:26,369 - Test_OrangeHRM_Login_DDT_002 -test_OrangeHRM_Login_DDT_003 - ERROR - Login Failed for Username=Admin11
2026-06-16 15:06:26,560 - Test_OrangeHRM_Login_DDT_002 -test_OrangeHRM_Login_DDT_003 - ERROR - Test Failed for Username=Admin11
